Signal importance report
--------------------------------------------------------------------
Stake currency:                      USDT

Total Overall Signal Importance:
--------------------------------------------------------------------
                                      avg |   down |   side |     up
adx_strong_up_down:                55.17% |  45.0% |  66.0% |  54.5%
bollinger_bands:                    37.0% |  49.5% |  29.5% |  32.0%
ema_long_golden_death_cross:       41.67% |  67.5% |  44.5% |  13.0%
ema_short_golden_death_cross:      29.17% |  38.0% |  25.5% |  24.0%
macd:                              55.17% |  41.0% |  58.5% |  66.0%
rsi:                               31.17% |  56.5% |  21.0% |  16.0%
sma_long_golden_death_cross:       52.17% |  10.5% |  73.0% |  73.0%
sma_short_golden_death_cross:      65.67% |  71.5% |  73.0% |  52.5%
vwap_cross:                         45.0% |  62.0% |  46.5% |  26.5%
pvt_cross:                          60.5% |  63.0% |  77.0% |  41.5%

Total Overall Buy Signal Importance:
--------------------------------------------------------------------
                                      avg |   down |   side |     up
adx_strong_up:                     43.67% |  69.0% |  40.0% |  22.0%
bollinger_bands:                   40.33% |  77.0% |  44.0% |   0.0%
ema_long_golden_cross:             34.33% |  73.0% |  22.0% |   8.0%
ema_short_golden_cross:            34.67% |  34.0% |  22.0% |  48.0%
macd:                               63.0% |  69.0% |  47.0% |  73.0%
rsi:                               29.33% |  51.0% |   5.0% |  32.0%
sma_long_golden_cross:             65.33% |  15.0% | 100.0% |  81.0%
sma_short_golden_cross:            81.67% | 100.0% | 100.0% |  45.0%
vwap_cross:                         49.0% | 100.0% |   0.0% |  47.0%
pvt_cross:                         39.33% |  26.0% |  54.0% |  38.0%

Total Overall Sell Signal Importance:
--------------------------------------------------------------------
                                      avg |   down |   side |     up
adx_strong_down:                   66.67% |  21.0% |  92.0% |  87.0%
bollinger_bands:                   33.67% |  22.0% |  15.0% |  64.0%
ema_long_death_cross:               49.0% |  62.0% |  67.0% |  18.0%
ema_short_death_cross:             23.67% |  42.0% |  29.0% |   0.0%
macd:                              47.33% |  13.0% |  70.0% |  59.0%
rsi:                                33.0% |  62.0% |  37.0% |   0.0%
sma_long_death_cross:               39.0% |   6.0% |  46.0% |  65.0%
sma_short_death_cross:             49.67% |  43.0% |  46.0% |  60.0%
vwap_cross:                         41.0% |  24.0% |  93.0% |   6.0%
pvt_cross:                         81.67% | 100.0% | 100.0% |  45.0%

Losing Open Trade Sell Unclogger:
--------------------------------------------------------------------

enabled:                                       True
minimal_losing_trade_duration_minutes:           58
minimal_losing_trades_open:                       1
trend_lookback_candles_window:                   48
